[   0.00000]Linu vsion.15.0--gnericbuldd@y01-md-024 (gcc version 7.4.0 (Ubuntu 7.4.0-1ubuntu1~18.04.1)) #69-Ubuntu SMP Wed Sep 4 20:55:53 UTC 2019 (Ubuntu 4.15.0-62.69-generic 4.15.18)
[    0.000000] Command line: BOOT_IMAGE=/boot/vmlinuz-4.15.0-62-generic oot=UI=b018b--aa18-4a6-9d-3689a0638 r cnsol=t1 onsoe=tyS0[   .00000KENEL uporte cs:
  0.0000   Intl eninntel
[  0.0000   AMDAuhenticAMD[    00000]  Centa CentarHauls
[   000000 x86/fpu: Supporting XSAVE feature 0x001: 'x87 floating point registers'
[    0.000000] x86/fpu: Supporting XSAVE feature 0x002: 'SSE registers'
[    0.000000] x86/fpu: Supporting XSAVE feature0x04: 'AVXegsters'
[  0.0000 x86/fpuxstate_fst[2]:  576, xstate_sizes[2]:  256
[    0.000000] x86/fpu: Enabled xstate features 7,contt ize is 832 yte using 'sndrd'orat.
   0.000000] e820: BIOS-provided physical RAM map:
[    0.000000] BIOS-e820: [mem 0x0000000000000000-0x000000000009fbff] usable
[    0.000000] BIOS-e820: [mem 0x000000000009fc00-0x000000000009ffff] reserved
[    0.000000] BIOS-e820: [mem 0x00000000000f0000-0x00000000000fffff] reserved
[    0.000000] BIOS-e820: [mem 0x0000000000100000-0x000000003ffefff] sable[   0.000000] BIOS-e820: [m 000000003ff000-0x000000ffffff] ACI ata
[    000000 BIOS-e80:[memx00000fe000-x00000fec0ff] rervd
[  0000000 BOS-e20 [em 0000000fee000000x000000fee00ff] esered
[  00000] BI-e20: [emx000000ffc000-x000000fffff] rerved
[    .0000]NX(ExeteDisale procton: atie
  0.00000 SMBIOS 2.5 presen.
[    0.0000] I:innoekGmH VitulBox/ViralBo, OS VrtualBox 12/01/2006
[    0.000000] Hypervisor detected: KVM
[    0.000000] e820: last_pfn = 0x3fff0 max_arch_pfn = 0x400000000
[    0.000000] MTRR: Disabled
[    0.000000] x86/PAT: MTRRs disabled, skipping PAT initialization too.
[    0.000000] CPU MRRsllblank  vrtualiedsystem.
[   0.000000] x86/PAT: Configuration [0-7]: WB  WT  UC- UC  WB  WT  UC- UC  
[    0.000000] found SMP MP-table at [mem 0x0009fff0-0x0009ffff]
[  .00000 Snnin1 reas f lw meor corruptio
[  0000000 RAMDISK: [mem 0x398000-0xcb9f]
[  0.0000] CP: Early abe chckum vifcatin isabd
[  .0000]ACPI RP 0x0000000E0000 000024 (v02 VBOX  )
[    0.000000] ACPI: XSDT 0x000000003FFF0030 00003C (v01 VBOX   VBOXXSDT 00000001 ASL  00000061)
[    0.000000] ACPI: FACP 0x000000003FFF00F0 0000F4 (v04 VBOX   VBOXFACP 00000001 ASL  00000061)
[    0.000000] ACPI: DSDT 0x000000003FFF0470 0021FF (v02 VBOX   VBOXBIOS 00000002 INTL 20100528)
[    0.000000] ACPI: FACS 0x00000003FFF00 00040
[  0.0000] CPI:FACS x000003FFF0200 000040
[    0.000000] ACPI: APIC 0x000000003FFF0240 00005C (v02 VBOX   VBOXAPIC 00000001 ASL  00000061)
[    0.000000] ACPI: SSDT 0x000000003FFF02A0 0001CC (v01 VBOX   VBOXCPUT 00000002 INTL 20100528)
[    0.000000] No NUMA configuration found
[    0.000000] Faking a node at [mem 0x0000000000000000-0x000000003ffeffff]
[    0.000000] NODE_DATA(0) allocated [mem 0x3ffc5000-0x3ffeffff]
[    0.000000] kvm-clok:pu 0, r :3ff401, pimry cu ock
[  0.00000 kvmclck: in msr 4564d1 nd 4564d0
[   00000] m-clckusinsced ofst of475813165cycles
[   0.000] closource: km-lok:ask:xffffffffffff max_cycles: 0x1cd42e4dffb, max_idle_ns: 881590591483 ns
[    .0000]Zoneanes:
[   0.000000] DA      em 0x000000000010-0x0000000ffff]
[  000000]   MA2    [m 0x00000001000-0x000003fffff]
  0.0000   Nma   emp
[    000000]  evic  mpty
   0.00000]ovabe zone start for each node
[    0.000000] Early memory node ranges
[    0.000000]   node   0: [mem 0x0000000000001000-0x000000000009efff]
[    0.000000]  noe   : mem x00000001000000x000000003ffeffff]
    0.000] Reserved but unavailable: 98 pages
[    0.000000] Itmem set nod 0mem 0x0000000000-0000000feffff][   .0000]CPI: -Tmer O ort: 0x4008
[    0.000000] IOAPIC[0]: apic_id 2, version 32, address 0xfec00000, GSI 0-23
[    0.000000] ACPI: INT_SRC_OVR (bus 0 bus_irq 0 global_irq 2 dfl dfl)
[    0.000000ACPI I_SRCOV(bus 0bu_irq 9glbal_irq 9 low level)
[    00000] Usg ACPI (MADT) for SMP configuration information
[    0.000000] smpboot: Allowing 2 CPUs, 0 hotplug CPUs
[    0.000000] PM: Registered nosave memory: [mem 0x000000-0x00000fff]
[    0.000000] PM: Registered nosave memory: [mem 0x0009f000-0x0009ffff]
[    0.000000] PM: Registered nosave memory: [mem 0x000a0000-0x000effff]
[    0.000000] PM: Registered nosave memory: [mem 0x000f0000-0x000fffff]
[    0.000000] e820: [mem 0x40000000-0xfebfffff] available for PCI devices
[    0.000000] Booting paravirtualized kernel on KVM
[    0.000000] clocksource: refined-jiffies: mask: 0xffffffff max_cycles: 0xffffffff, max_idle_ns: 7645519600211568 ns
[    0.000000] random: get_random_bytes called from start_kernel+0x99/0x4fd with crng_init=0
[    0.000000] setup_percpu: NR_CPUS:8192 nr_cpumask_bits:2 nr_cpu_ids:2 nr_node_ids:1
[   0.000000] percpu: Embedded 46 pages/cpu s151552 r8192 d28672 u1048576
[    0.000000] PV qspinlock hash table entries: 256 (order: 0, 4096 bytes)
[    0.000000] Built 1 zonelists, mobility grouping on.  Total pages: 257913
[    0.000000] Policy zone: DMA32
[    0.000000] Kernel command line: BOOT_IMAGE=/boot/vmlinuz-4.15.0-62-generic root=UUID=b01e8bb2-aa18-4aa6-9d5d-32689a406638 ro console=tty1 console=ttyS0
[    0.000000] Memory: 982916K/1048120K available (12300K kernel code, 281 rwda, 4172K rodata, 2436K init, 2384K bss, 65204K reserved, 0K cma-reserved)
[    0.000000] SLUB: HWalign=64, Order=0-3, MinObjects=0, CPUs=2, Nodes=1
[    0.000000] Kernel/User page tables isolation: enabled
[    0.000000] ftrace: allocating 39306 entries in 154 pages
[    0.004000] Hierarchical RCU implementation.
[    0.004000] 	RCU restricting CPUs from NR_CPUS=8192 to nr_cpu_ids=2.
[    0.004000] 	Tasks RCU enabled.
[    0.004000] RCU: Adjusting geometry for rcu_fanout_leaf=16, nr_cpu_ids=2
[    0.004000] NR_IRQS: 524544 n_ir: 40, preloateirs: 16[    0.0000 Conol colourVG+ 805
[  00040]consol[tty1] enabled
[    0.004000] console [ttyS0] nabled
[    0.004000] ACPI: Core revision 20170831
[    0.0400] AI:2 AC AL tales sucessfulyacuied and lode
[    0.004000] APIC: Switch to symmetric I/O mode setup
[    0.004227] x2apic enabled
[    0.008006] Switched APIC routing to physical x2apic.
[    0.012881] ..TIMER: vector=0x30 apic1=0 pin1=2 apic2=-1 pin2=-1
[    0.016005] tsc: Detected 2303.998 MHz processor
[    0.020012] Calibrating delay loop (skipped) preset value.. 4607.99 BogoMIPS (lpj=9215992)
[    0.024009] pid_max: default: 32768 minimum: 301
[    0.028339] Security Framework initialized
[    0.032029] Yama: becoming mindful.
[    0.036109] AppArmor: AppArmor initialized
[    0.043016] Dentry cache hash table entries: 131072 (order: 8, 1048576 bytes)
[    0.044085] Inode-cache hash table entries: 65536 (order: 7, 524288 bytes)
[    0.048025] Mount-cache hash table entries: 2048 (order: 2, 16384 bytes)
[    0.049605] Mountpoint-cache hash table entries: 2048 (order: 2, 16384 bytes)
[    0.052225] Last level iTLB entries: 4KB 64, 2MB 8, 4MB 8
[    0.056005] Last level dTLB entries: 4KB 64, 2MB 0, 4MB 0, 1GB 4
[    0.060005] Spectre V1 : Mitigation: usercopy/swapgs barriers and __user pointer sanitization
[    0.064008] Spectre V2 : Mitigation: Full generic retpoline
[    0.068003] Spectre V2 : Spectre v2 / SpectreRSB mitigation: Filling RSB on context switch
[    0.072003] Speculative Store Bypass: Vulnerable
[    0.076042] MDS: Vulnerable: Clear CPU buffers attempted, no microcode
[    0.080163] Freeing SMP alternatives memory: 36K
[    0.092000] smpboot: CPU0: Intel(R) Core(TM) i5-7360U CPU @ 2.30GHz (family: 0x6, model: 0x8e, stepping: 0x9)
[    0.092091] Performance Events: unsupported p6 CPU model 142 no PMU driver, software events only.
[    0.096063] Hierarchical SRCU implementation.
[    0.101212] NMI watchdog: Perf event create on CPU 0 failed with -2
[    0.104007] NMI watchdog: Perf NMI watchdog permanently disabled
[    0.108081] smp: Bringing up secondary CPUs ...
[    0.112116] x86: Booting SMP configuration:
[    0.116008] .... node  #0, CPUs:      #1
[    0.004000] kvm-clock: cpu 1, msr 0:3ff44041, secondary cpu clock
[    0.140023] smp: Brought up 1 node, 2 CPUs
[    0.144008] smpboot: Max logical packages: 1
[    0.148008] smpboot: Total of 2 processors activated (9215.99 BogoMIPS)
[    0.152152] devtmpfs: initialized
[    0.156063] x86/mm: Memory block size: 128MB
[    0.160158] evm: security.selinux
[    0.164007] evm: security.SMACK64
[    0.168003] evm: security.SMACK64EXEC
[    0.172002] evm: security.SMACK64TRANSMUTE
[    0.176002] evm: security.SMACK64MMAP
[    0.180002] evm: security.apparmor
[    0.184005] evm: security.ima
[    0.184782] evm: security.capability
[    0.188103] clocksource: jiffies: mask: 0xffffffff max_cycles: 0xffffffff, max_idle_ns: 7645041785100000 ns
[    0.192015] futex hash table entries: 512 (order: 3, 32768 bytes)
[    0.198174] pinctrl core: initialized pinctrl subsystem
[    0.200111] RTC time: 12:16:45, date: 09/16/19
[    0.204254] NET: Registered protocol family 16
[    0.208078] audit: initializing netlink subsys (disabled)
[    0.212042] audit: type=2000 audit(1568636195.055:1): state=initialized audit_enabled=0 res=1
[    0.448010] cpuidle: using governor ladder
[    0.452012] cpuidle: using governor menu
[    0.456060] ACPI: bus type PCI registered
[    0.460004] acpiphp: ACPI Hot Plug PCI Controller Driver version: 0.5
[    0.464123] PCI: Using configuration type 1 for base access
[    0.472840] HugeTLB registered 2.00 MiB page size, pre-allocated 0 pages
[    0.476082] ACPI: Added _OSI(Module Device)
[    0.480009] ACPI: Added _OSI(Processor Device)
[    0.484003] ACPI: Added _OSI(3.0 _SCP Extensions)
[    0.488003] ACPI: Added _OSI(Processor Aggregator Device)
[    0.492009] ACPI: Added _OSI(Linux-Dell-Video)
[    0.493097] ACPI: Added _OSI(Linux-Lenovo-NV-HDMI-Audio)
[    0.496039] ACPI: Added _OSI(Linux-HPI-Hybrid-Graphics)
[    0.500573] ACPI: Executed 1 blocks of module-level executable AML code
[    0.506720] ACPI: Interpreter enabled
[    0.508015] ACPI: (supports S0 S5)
[    0.512005] ACPI: Using IOAPIC for interrupt routing
[    0.516218] PCI: Using host bridge windows from ACPI; if neccssary, use "pci=nocrs" and report a bug
[    0.520199] ACPI: Enabled 2 GPEs in block 00 to 07
[    0.532208] ACPI: PCI Root Bridge [PCI0] (domain 0000 [bus 00-ff])
[    0.536017] acpi PNP0A03:00: _OSC: OS supports [ASPM ClockPM Segments MSI]
[    0.540048] acpi PNP0A03:00: _OSC: not requesting OS control; OS requires [ExtendedConfig ASPM ClockPM MSI]
[    0.544021] acpi PNP0A03:00: fail to add MMCONFIG information, can't access extended PCI configuration space under this bridge.
[    0.548412] PCI host bridge to bus 0000:00
[    0.552005] pci_bus 0000:00: root bus resource [io  0x0000-0x0cf7 window]
[    0.556040] pci_bus 0000:00: root bus resource [io  0x0d00-0xffff window]
[    0.560011] pci_bus 0000:00: root bus resource [mem 0x000a0000-0x000bffff window]
[    0.564010] pci_bus 0000:00: root bus resource [mem 0x40000000-0xfdffffff window]
[    0.568009] pci_bus 0000:00: root bus resource [bus 00-ff]
[    0.578175] pci 0000:00:01.1: legacy IDE quirk: reg 0x10: [io  0x01f0-0x01f7]
[    0.580004] pci 0000:00:01.1: legacy IDE quirk: reg 0x14: [io  0x03f6]
[    0.584008] pci 0000:00:01.1: legacy IDE quirk: reg 0x18: [io  0x0170-0x0177]
[    0.588009] pci 0000:00:01.1: legacy IDE quirk: reg 0x1c: [io  0x0376]
[    0.608476] pci 0000:00:07.0: quirk: [io  0x4000-0x403f] claimed by PIIX4 ACPI
[    0.612019] pci 0000:00:07.0: quirk: [io  0x4100-0x410f] claimed by PIIX4 SMB
[    0.626212] ACPI: PCI Interrupt Link [LNKA] (IRQs 5 9 10 *11)
[    0.628303] ACPI: PCI Interrupt Link [LNKB] (IRQs 5 9 *10 11)
[    0.632123] ACPI: PCI Interrupt Link [LNKC] (IRQs 5 *9 10 11)
[    0.636129] ACPI: PCI Interrupt Link [LNKD] (IRQs 5 9 10 *11)
[    0.640566] SCSI subsystem initialized
[    0.644223] pci 0000:00:02.0: vgaarb: setting as boot VGA device
[    0.648000] pci 0000:00:02.0: vgaarb: VGA device added: decodes=io+mem,owns=io+mem,locks=none
[    0.648011] pci 0000:00:02.0: vgaarb: bridge control possible
[    0.652007] vgaarb: loaded
[    0.656052] ACPI: bus type USB registered
[    0.660028] usbcore: registered new interface driver usbfs
[    0.664014] usbcore: registered new interface driver hub
[    0.668033] usbcore: registered new device driver usb
[    0.676029] EDAC MC: Ver: 3.0.0
[    0.680278] PCI: Using ACPI for IRQ routing
[    0.688210] NetLabel: Initializing
[    0.692003] NetLabel:  domain hash size = 128
[    0.696002] NetLabel:  protocols = UNLABELED CIPSOv4 CALIPSO
[    0.700019] NetLabel:  unlabeled traffic allowed by default
[    0.704164] clocksource: Switched to clocksource kvm-clock
[    0.845 V: skuoasquot_6.6.0
[   1473VF Dotac hshab eries: 512 (order 0, 4096 bytes)
[    1.631237] AppArmor: AppArmor Filesystem Enabled
[    1.632434] pnp: PnP ACPI init
[  1634309] npPnP ACPI: found 3 devices

[  1912]losoceacppmma: ffff m_cle 0fff,axdlns 2087024s
[   2331]ETRestedrocofaly
[    3.329659] TCP established hash table entries: 8192 (order: 4, 65536 bytes)
[    3.33044] TP ndastae trs:8192 (rd:  107bys)[  385718] TCP: Hash tables configured (established 8192 bind 8192)

[   4.0924] P shab eri: 2 order: 2, 16384 bytes)
[   .552 U-Litha tlentes51(oer2,16384 byte)   5847]ETReisre procofamly
    5.6756 p 00::00:imindictCICIrafe
  6.71] pi 000000:010:Acvating ISA DMA hang workaous
[    6.7940]pc00:002: dedeceitshow R a[m 000000x0dff

[   7.569]Unckg itmf..
[    8.349289] Freeing initrd memory: 19668K
[    8.413798] clocksource: tsc: mask: 0xffffffffffffffff max_cycles: 0x2135f5e6f15, max_idle_ns: 440795231538 ns
[    8.477085] platform rtc_cmos: registered platform RTC device (no PNP device found)
[    8.526263] Scanning for low memory corruption every 60 seconds
[    8.535696] Initialise system trusted keyrings
[    8.624561] Key type blacklist registered
[    8.682049] workingset: timestamp_bits=36 max_order=18 bucket_order=0
[    8.694564] zbud: loaded
[    8.702860] squashfs: version 4.0 (2009/01/31) Phillip Lougher
[    8.710146] fuse init (API version 7.26)
[    8.751788] Key type asymmetric registered
[    8.753743] Asymmetric key parser 'x509' registered
[    8.754672] Block layer SCSI generic (bsg) driver version 0.4 loaded (major 246)
[    8.756109] io scheduler noop registered
[    8.756872] io scheduler deadline registered
[    8.757695] io scheduler cfq registered (default)
[    8.759028] ACPI: AC Adapter [AC] (on-line)
[    8.806083] input: Power Button as /devices/LNXSYSTM:00/LNXPWRBN:00/input/input0
[    8.829007] ACPI: Power Button [PWRF]
[    8.865328] input: Sleep Button as /devices/LNXSYSTM:00/LNXSLPBN:00/input/input1
[    8.897963] ACPI: Sleep Button [SLPF]
[    8.904845] ACPI: Battery Slot [BAT0] (battery present)
[    8.913032] Serial: 8250/16550 driver, 32 ports, IRQ sharing enabled
[    9163]0:: ySat/Ox38 (i =, seau = 120 ia 55
[    9.919942] Linux agpgart interface v0.103
[    9.984038] loop: module loaded
[   10.039952] scsi host0: ata_piix
[   10.093833] scsi host1: ata_piix
[   10.144555] ata1: PATA max UDMA/33 cmd 0x1f0 ctl 0x3f6 bmdma 0xd000 irq 14
[   10.247848] ata2: PATA max UDMA/33 cmd 0x170 ctl 0x376 bmdma 0xd008 irq 15
[   10.348488] libphy: Fixed MDIO Bus: probed
[   10.435660] tun: Universal TUN/TAP device driver, 1.6
[   10.515076] PPP generic driver version 2.4.2
[   10.607037] ehci_hcd: USB 2.0 'Enhanced' Host Controller (EHCI) Driver
[   10.777283] ehci-pci: EHCI PCI platform driver
[   10.897347] ehci-platform: EHCI generic platform driver
[   11.032677] ohci_hcd: USB 1.1 'Open' Host Controller (OHCI) Driver
[   1.28] ciciOH P patorm drer[ 117303] ohci-platform: OHCI generic platform driver
[  17894uh_h: B ivrsal Ht onolr teacdrer
[   .581] 04: PN: /2onolr NP03S2,PNP0f03:PS2M] at 0x60,0x64 irq 1,12

[   3.284] sri i42BDoratx60x64 iq 
[ 13712] seri i42UXoratx60x i 1

[   .158 msev: PS/2 oue vicecoonfoalmi
[   14.703798] rtc_cmos rtc_cmos: rtc core: registered rtc_cmos as rtc0
[   14.892957] rtc_cmos rtc_cmos: alarms up to one day, 114 bytes nvram
[   15.064849] i2c /dev entries driver
[   15.158455] input: AT Translated Set 2 keyboard as /devices/platform/i8042/serio0/input/input2
[   15.160157] device-mapper: uevent: version 1.0.3
[   15.356544] device-mapper: ioctl: 4.37.0-ioctl (2017-09-20) initialised: dm-devel@redhat.com
[   15.453481] ledtrig-cpu: registered to indicate activity on CPUs
[   15.459770] NET: Registered protocol family 10
[   15.481112] Segment Routing with IPv6
[   15.490216] NET: Registered protocol family 17
[   15.516494] Key type dns_resolver registered
[   15.598028] mce: Using 0 MCE banks
[   15.638043] RAS: Correctable Errors collector initialized.
[   15.777213] sched_clock: aarking stable (15777189375, 0)->(35304191709, -19527002334)
[   15.906794] registered taskstats version 1
[   16.021558] Loading compiled-in X.509 certificates
[   16.199813] Loaded X.509 cert 'Build time autogenerated kernel key: ff1b14b29a8b0fad041e56b58c2af39eda0766ce'
[   16.500910] zswap: loaded using pool lzo/zbud
[   16.533930] Key type big_key registered
[   16.552788] Key type trusted registered
[   16.563960] Key type encrypted registered
[   16.586335] AppArmor: AppArmor sha1 policy hashing enabled
[   16.603734] ima: No TPM chip found, activating TPM-bypass! (rc=-19)
[   16.667642] ima: Allocated hash algorithm: sha1
[   16.751831] evm: HMAC attrs: 0x1
[   16.801515]   Magic number: 3:213:279
[   16.875203] event_source tracepoint: hash matches
[   16.988470] tty tty16: hash matches
[   17.107643] rtc_cmos rtc_cmos: setting system clock to 2019-09-16 12:17:05 UTC (1568636225)
[   17.317908] BIOS EDD facility v0.16 2004-Jun-25, 0 devices found
[   17.501377] EDD information not available.
[   17.622984] Freeing unused kernel image memory: 2436K
[   17.648283] Write protecting the kernel read-only data: 20480k
[   17.681094] Freeing unused kernel image memory: 2008K
[   17.706160] Freeing unused kernel image memory: 1972K
[   17.728577] x86/mm: Checked W+X mappings: passed, no W+X pages found.
[   17.730240] x86/mm: Checking user space page tables
[   17.762804] x86/mm: Checked W+X mappings: passed, no W+X pages found.
Loading, please wait...
startin[   17.822962] e1000: Intel(R) PRO/1000 Network Driver - version 7.3.21-k8-NAPI
g version 237
[   17.921628] e1000: Copyright (c) 1999-2006 Intel Corporation.
[   17.939356] Fusion MPT base driver 3.04.20
[   17.957679] Copyright (c) 1999-2008 LSI Corporation
[   17.964071] AVX2 version of gcm_enc/dec engaged.
[   18.023281] AES CTR mode by8 optimization enabled
[   18.028098] Fusion MPT SPI Host driver 3.04.20
[   18.241112] input: ImExPS/2 Generic Explorer Mouse as /devices/platform/i8042/serio1/input/input4
[   18.374130] e1000 0000:00:03.0 eth0: (PCI:33MHz:32-bit) 02:ee:0a:3b:45:98
[   18.468028] e1000 0000:00:03.0 eth0: Intel(R) PRO/1000 Network Connection
[   18.958164] e1000 0000:00:08.0 eth1: (PCI:33MHz:32-bit) 08:00:27:4d:0d:06
[   19.170392] e1000 0000:00:08.0 eth1: Intel(R) PRO/1000 Network Connection
[   19.201143] e1000 0000:00:08.0 enp0s8: renamed from eth1
[   19.298101] mptbase: ioc0: Initiating bringup
[   19.408642] e1000 0000:00:03.0 enp0s3: renamed from eth0
[   20.045647] ioc0: LSI53C1030 A0: Capabilities={Initiator}
[   21.769211] scsi host2: ioc0: LSI53C1030 A0, FwRev=00000000h, Ports=1, MaxQ=256, IRQ=20
[   24.118255] scsi 2:0:0:0: Direct-Access     VBOX     HARDDISK         1.0  PQ: 0 ANSI: 5
[   26.552769] scsi target2:0:0: Beginning Domain Validation
[   27.640094] scsi target2:0:0: Domain Validation skipping write tests
[   28.796482] scsi target2:0:0: Ending Domain Validation
[   29.787409] scsi target2:0:0: asynchronous
[   30.526473] scsi 2:0:1:0: Direct-Access     VBOX     HARDDISK         1.0  PQ: 0 ANSI: 5
[   32.116906] scsi target2:0:1: Beginning Domain Validation
[   33.010259] random: fast init done
[   33.606900] scsi target2:0:1: Domain Validation skipping write tests
[   34.837948] scsi target2:0:1: Ending Domain Validation
[   35.833420] scsi target2:0:1: asynchronous
[   36.677185] random: systemd-udevd: uninitialized urandom read (16 bytes read)
[   36.678491] random: systemd-udevd: uninitialized urandom read (16 bytes read)
[   36.679768] random: systemd-udevd: uninitialized urandom read (16 bytes read)
[   36.843424] sd 2:0:0:0: Attached scsi generic sg0 type 0
[   36.946704] sd 2:0:1:0: Attached scsi generic sg1 type 0
[   36.947478] sd 2:0:1:0: [sdb] 20480 512-byte logical blocks: (10.5 MB/10.0 MiB)
[   36.985607] sd 2:0:0:0: [sda] 20971520 512-byte logical blocks: (10.7 GB/10.0 GiB)
[   36.985812] sd 2:0:1:0: [sdb] Write Protect is off
[   37.041963] sd 2:0:0:0: [sda] Write Protect is off
[   37.042109] sd 2:0:1:0: [sdb] Incomplete mode parameter data
[   37.083124] sd 2:0:1:0: [sdb] Assuming drive cache: write through
[   37.119924] sd 2:0:0:0: [sda] Incomplete mode parameter data
[   37.145369] sd 2:0:0:0: [sda] Assuming drive cache: write through
[   37.187242]  sda: sda1
[   37.189738] sd 2:0:1:0: [sdb] Attached SCSI disk
[   37.202532] sd 2:0:0:0: [sda] Attached SCSI disk
Begin: Loading essential drivers ... [   38.720501] raid6: sse2x1   gen() 12480 MB/s
[   38.883366] raid6: sse2x1   xor()  9595 MB/s
[   39.046279] raid6: sse2x2   gen() 16113 MB/s
[   39.192796] raid6: sse2x2   xor() 10126 MB/s
[   39.356996] raid6: sse2x4   gen() 19775 MB/s
[   39.555208] raid6: sse2x4   xor() 11745 MB/s
[   39.688143] raid6: avx2x1   gen() 11258 MB/s
[   39.772199] raid6: avx2x1   xor() 17455 MB/s
[   39.980334] raid6: avx2x2   gen() 31068 MB/s
[   40.180057] raid6: avx2x2   xor() 18501 MB/s
[   40.366094] raid6: avx2x4   gen() 39310 MB/s
[   40.526719] raid6: avx2x4   xor() 22625 MB/s
[   40.685192] raid6: using algorithm avx2x4 gen() 39310 MB/s
[   40.737672] raid6: .... xor() 22625 MB/s, rmw enabled
[   40.738918] raid6: using avx2x2 recovery algorithm
[   40.741614] xor: automatically using best checksumming function   avx       
[   40.813684] async_tx: api initialized (async)
done.
Begin: Running /scripts/init-premount ... done.
Begin: Mounting root file system ... Begin: Running /scripts/local-top ... done.
Begin: Running /scripts/local-premount ... [   40.909061] Btrfs loaded, crc32c=crc32c-intel
Scanning for Btrfs filesystems
done.
Warning: fsck not present, so sk[   41.024436] EXT4-fs (sda1): mounted filesystem with ordered data mode. Opts: (null)
ipping root file system
done.
Begin: Running /scripts/local-bottom ... done.
Begin: Running /scripts/init-bottom ... done.
[   41.628892] ip_tables: (C) 2000-2006 Netfilter Core Team
[   42.738807] systemd[1]: systemd 237 running in system mode. (+PAM +AUDIT +SELINUX +IMA +APPARMOR +SMACK +SYSVINIT +UTMP +LIBCRYPTSETUP +GCRYPT +GNUTLS +ACL +XZ +LZ4 +SECCOMP +BLKID +ELFUTILS +KMOD -IDN2 +IDN -PCRE2 default-hierarchy=hybrid)
[   45.710590] systemd[1]: Detected virtualization oracle.
[   46.876834] systemd[1]: Detected architecture x86-64.

Welcome to [1mUbuntu 18.04.3 LTS[0m!

[   48.106994] systemd[1]: Set hostname to <ubuntu-bionic>.
[   49.607391] random: crng init done
[   50.119019] random: 7 urandom warning(s) missed due to ratelimiting
[   51.870318] systemd[1]: Set up automount Arbitrary Executable File Formats File System Automount Point.
[[0;32m  OK  [0m] Set up automount Arbitrary Executab…rmats File System Automount Point.
[   53.725015] systemd[1]: Reached target User and Group Name Lookups.
[[0;32m  OK  [0m] Reached target User and Group Name Lookups.
[   53.976910] systemd[1]: Started Forward Password Requests to Wall Directory Watch.
[[0;32m  OK  [0m] Started Forward Password Requests to Wall Directory Watch.
[   54.076433] systemd[1]: Created slice System Slice.
[[0;32m  OK  [0m] Created slice System Slice.
[   54.281163] systemd[1]: Listening on LVM2 metadata daemon socket.
[[0;32m  OK  [0m] Listening on LVM2 metadata daemon socket.
[   54.505595] systemd[1]: Listening on Device-mapper event daemon FIFOs.
[[0;32m  OK  [0m] Listening on Device-mapper event daemon FIFOs.
[   54.856428] systemd[1]: Listening on Syslog Socket.
[[0;32m  OK  [0m] Listening on Syslog Socket.
[   55.016819] systemd[1]: Listening on udev Kernel Socket.
[[0;32m  OK  [0m] Listening on udev Kernel Socket.
[   55.085855] systemd[1]: Listening on Journal Audit Socket.
[[0;32m  OK  [0m] Listening on Journal Audit Socket.
[   55.121324] systemd[1]: Listening on udev Control Socket.
[[0;32m  OK  [0m] Listening on udev Control Socket.
[   55.178703] systemd[1]: Listening on LVM2 poll daemon socket.
[[0;32m  OK  [0m] Listening on LVM2 poll daemon socket.
[[0;32m  OK  [0m] Listening on Journal Socket (/dev/log).
[[0;32m  OK  [0m] Created slice system-serial\x2dgetty.slice.
[[0;32m  OK  [0m] Listening on Journal Socket.
         Starting Create list of required st…ce nodes for the current kernel...
         Mounting POSIX Message Queue File System...
         Starting Load Ke[   55.742978] Loading iSCSI transport class v2.0-870.
rnel Modules...[   55.886222] iscsi: registered transport (tcp)

         Starting Remount[   56.027252] iscsi: registered transport (iser)
 Root and Kernel File Systems...[   56.806008] EXT4-fs (sda1): re-mounted. Opts: (null)

         Starting Monitoring of LVM2 mirrors…ng dmeventd or progress polling...
         Mounting Huge Pages File System...
         Starting udev Coldplug all Devices...
         Starting Set the console keyboard layout...
         Starting Journal Service...
[[0;32m  OK  [0m] Reached target System Time Synchronized.
         Starting Uncomplicated firewall...
         Mounting Kernel Debug File System...
[[0;32m  OK  [0m] Created slice User and Session Slice.
[[0;32m  OK  [0m] Reached target Slices.
[[0;32m  OK  [0m] Reached target Swap.
[[0;32m  OK  [0m] Listening on /dev/initctl Compatibility Named Pipe.
[[0;32m  OK  [0m] Listening on Network Service Netlink Socket.
[[0;32m  OK  [0m] Started Journal Service.
[[0;32m  OK  [0m] Started Create list of required sta…vice nodes for the current kernel.
[[0;32m  OK  [0m] Mounted POSIX Message Queue File System.
[[0;32m  OK  [0m] Started Load Kernel Modules.
[[0;32m  OK  [0m] Started Remount Root and Kernel File Systems.
[[0;32m  OK  [0m] Mounted Huge Pages File System.
[[0;32m  OK  [0m] Started Set the console keyboard layout.
[[0;32m  OK  [0m] Started Uncomplicated firewall.
[[0;32m  OK  [0m] Mounted Kernel Debug File System.
[[0;32m  OK  [0m] Started udev Coldplug all Devices.
[[0;32m  OK  [0m] Started LVM2 metadata daemon.
         Starting Load/Save Random Seed...
         Starting Apply Kernel Variables...
         Mounting FUSE Control File System...
         Mounting Kernel Configuration File System...
         Starting Create Static Device Nodes in /dev...
         Starting Flush Journal to Persistent Storage...
[[0;32m  OK  [0m] Started Monitoring of LVM2 mirrors,…sing dmeventd or progress polling.
[[0;32m  OK  [0m] Started Load/Save Random Seed.
[[0;32m  OK  [0m] Started Apply Kernel Variables.
[[0;32m  OK  [0m] Mounted FUSE Control File System.
[[0;32m  OK  [0m] Mounted Kernel Configuration File System.
[[0;32m  OK  [0m] Started Create Static Device Nodes in /dev.
         Starting udev Kernel Device Manager...
[[0;32m  OK  [0m] Reached target Local File Systems (Pre).
[[0;32m  OK  [0m] Reached target Local File Systems.
         Starting Tell Plymouth To Write Out Runtime Data...
         Starting ebtables ruleset management...
         Starting AppArmor initialization...
         Starting Set console font and keymap...
[[0;32m  OK  [0m] Started udev Kernel Device Manager.
[[0;32m  OK  [0m] Started Tell Plymouth To Write Out Runtime Data.
[[0;32m  OK  [0m] Started Dispatch Password Requests to Console Directory Watch.
[[0;32m  OK  [0m] Reached target Local Encrypted Volumes.
[[0;32m  OK  [0m] Started Set console font and keymap.
[[0;32m  OK  [0m] Found device /dev/ttyS0.
[[0;32m  OK  [0m] Started Flush Journal to Persistent Storage.
[[0;32m  OK  [0m] Started ebtables ruleset management.
[[0;32m  OK  [0m] Listening on Load/Save RF Kill Switch Status /dev/rfkill Watch.
         Starting Create Volatile Files and Directories...
[[0;32m  OK  [0m] Started Create Volatile Files and Directories.
         Starting Update UTMP about System Boot/Shutdown...
[[0;32m  OK  [0m] Started Update UTMP about System Boot/Shutdown.
[[0;32m  OK  [0m] Started AppArmor initialization.
         Starting Initial cloud-init job (pre-networking)...
[   62.177918] cloud-init[538]: Cloud-init v. 19.1-1-gbaa47854-0ubuntu1~18.04.1 running 'init-local' at Mon, 16 Sep 2019 12:17:50 +0000. Up 61.87 seconds.
[[0;32m  OK  [0m] Started Initial cloud-init job (pre-networking).
[[0;32m  OK  [0m] Reached target Network (Pre).
         Starting Network Service...
[[0;32m  OK  [0m] Started Network Service.
         Starting Wait for Network to be Configured...
         Starting Network Name Resolution...
[[0;32m  OK  [0m] Started Network Name Resolution.
[[0;32m  OK  [0m] Reached target Host and Network Name Lookups.
[[0;32m  OK  [0m] Reached target Network.
[[0;32m  OK  [0m] Started Wait for Network to be Configured.
         Starting Initial cloud-init job (metadata service crawler)...
[   64.374988] cloud-init[680]: Cloud-init v. 19.1-1-gbaa47854-0ubuntu1~18.04.1 running 'init' at Mon, 16 Sep 2019 12:17:52 +0000. Up 64.21 seconds.
[   64.500233] cloud-init[680]: ci-info: ++++++++++++++++++++++++++++++++++++++Net device info++++++++++++++++++++++++++++++++++++++
[[0;32m  OK  [0m] Started Initial cloud-init job (metadata service crawler).
[[0;32m  OK  [0m] Reached target System Initialization.
[[0;32m  OK  [0m] Started Daily Cleanup of Temporary Directories.
[[0;32m  OK  [0m[   64.610642] ] cloud-initListening on UUID daemon activation socket.[680]: 
ci-info: +--------+------+----------------------------+---------------+--------+-------------------+
[   64.838000] cloud-init[680]: ci-info: | Device |  Up  |          Address           |      Mask     | Scope  |     Hw-Address    |
[[   65.184798] cloud-init[680]: ci-info: +--------+------+----------------------------+---------------+--------+-------------------+
[   65.185210] cloud-init[680]: ci-info: | enp0s3 | True |         10.0.2.15          | 255.255.255.0 | global | 02:ee:0a:3b:45:98 |
[0;32m  OK  [0m] Started ACPI Events Check.
[   65.185615] cloud-init[680]: ci-info: | enp0s3 | True | fe80::ee:aff:fe3b:4598/64  |       .       |  link  | 02:ee:0a:3b:45:98 |
[[   65.644745] cloud-init[680]: ci-info: | enp0s8 | True |       192.168.33.10        | 255.255.255.0 | global | 08:00:27:4d:0d:06 |
[   65.645121] [0;32m  OK  [0mcloud-init] [680]: Reached target Paths.ci-info: | enp0s8 | True | fe80::a00:27ff:fe4d:d06/64 |       .       |  link  | 08:00:27:4d:0d:06 |

[[   65.924831] cloud-init[680]: ci-info: |   lo   | True |         127.0.0.1          |   255.0.0.0   |  host  |         .         |
[   65.925629] cloud-init[680]: ci-info: |   lo   | True |          ::1/128           |       .       |  host  |         .         |
[0;32m  OK  [0m] Listening on D-Bus System Message Bus Socket.
[   65.925911] cloud-init[680]: ci-info: +--------+------+----------------------------+---------------+--------+-------------------+
[   66.372645] cloud-init[680]: ci-info: +++++++++++++++++++++++++++++Route IPv4 info+++++++++++++++++++++++++++++
[   66.372875] cloud-init[680]: ci-info: +-------+--------------+----------+-----------------+-----------+-------+
         Starting Socket activation for snappy daemon.
[   66.373428] cloud-init[680]: ci-info: | Route | Destination  | Gateway  |     Genmask     | Interface | Flags |
         Starting LXD - unix socket.
[   66.732815] cloud-init[680]: ci-info: +-------+--------------+----------+-----------------+-----------+-------+
[   66.900424] cloud-init[680]: ci-info: |   0   |   0.0.0.0    | 10.0.2.2 |     0.0.0.0     |   enp0s3  |   UG  |
[[0;32m  OK  [0m[   67.012367] cloud-init[680]: ci-info: |   1   |   10.0.2.0   | 0.0.0.0  |  255.255.255.0  |   enp0s3  |   U   |
[   67.012428] cloud-init[680]: ci-info: |   2   |   10.0.2.2   | 0.0.0.0  | 255.255.255.255 |   enp0s3  |   UH  |
[   67.012488] cloud-init[680]: ci-info: |   3   | 192.168.33.0 | 0.0.0.0  |  255.255.255.0  |   enp0s8  |   U   |
[   67.012530] cloud-init[680]: ci-info: +-------+--------------+----------+-----------------+-----------+-------+
[   67.012569] cloud-init[680]: ci-info: +++++++++++++++++++Route IPv6 info+++++++++++++++++++
[   67.012696] cloud-init[680]: ci-info: +-------+-------------+---------+-----------+-------+
[   67.012751] cloud-init[680]: ci-info: | Route | Destination | Gateway | Interface | Flags |
[   67.012792] cloud-init[680]: ci-info: +-------+-------------+---------+-----------+-------+
[   67.012831] cloud-init[680]: ci-info: |   1   |  fe80::/64  |    ::   |   enp0s8  |   U   |
[   67.012874] cloud-init[680]: ci-info: |   2   |  fe80::/64  |    ::   |   enp0s3  |   U   |
[   67.012913] cloud-init[680]: ci-info: |   4   |    local    |    ::   |   enp0s3  |   U   |
[   67.012952] cloud-init[680]: ci-info: |   5   |    local    |    ::   |   enp0s8  |   U   |
[   67.012991] cloud-init[680]: ci-info: |   6   |   ff00::/8  |    ::   |   enp0s8  |   U   |
[   67.013031] cloud-init[680]: ci-info: |   7   |   ff00::/8  |    ::   |   enp0s3  |   U   |
[   67.013079] cloud-init[680]: ci-info: +-------+-------------+---------+-----------+-------+
] Started Daily apt download activities.
[[0;32m  OK  [0m] Started Daily apt upgrade and clean activities.
[[0;32m  OK  [0m] Listening on Open-iSCSI iscsid Socket.
[[0;32m  OK  [0m] Started Discard unused blocks once a week.
[[0;32m  OK  [0m] Started Message of the Day.
[[0;32m  OK  [0m] Reached target Timers.
[[0;32m  OK  [0m] Listening on ACPID Listen Socket.
[[0;32m  OK  [0m] Reached target Network is Online.
         Starting Availability of block devices...
[[0;32m  OK  [0m] Reached target Remote File Systems (Pre).
[[0;32m  OK  [0m] Reached target Remote File Systems.
[[0;32m  OK  [0m] Reached target Cloud-config availability.
[[0;32m  OK  [0m] Listening on Socket activation for snappy daemon.
[[0;32m  OK  [0m] Listening on LXD - unix socket.
[[0;32m  OK  [0m] Started Availability of block devices.
[[0;32m  OK  [0m] Reached target Sockets.
[[0;32m  OK  [0m] Reached target Basic System.
[[0;32m  OK  [0m] Started irqbalance daemon.
         Starting Dispatcher daemon for systemd-networkd...
[[0;32m  OK  [0m] Started Deferred execution scheduler.
[[0;32m  OK  [0m] Started D-Bus System Message Bus.
         Starting LSB: automatic crash report generation...
         Starting Virtualbox guest utils...
[[0;32m  OK  [0m] Started Regular background program processing daemon.
[[0;32m  OK  [0m] Started FUSE filesystem for LXC.
         Starting LXD - container startup/shutdown...
         Starting LSB: Record successful boot for GRUB...
         Starting OpenBSD Secure Shell server...
         Starting Login Service...
         Starting System Logging Service...
         Starting Permit User Sessions...
         Starting Accounts Service...
         Starting Snappy daemon...
[[0;32m  OK  [0m] Started Dispatcher daemon for systemd-networkd.
[[0;32m  OK  [0m] Started System Logging Service.
[[0;32m  OK  [0m] Started Permit User Sessions.
[[0;32m  OK  [0m] Started OpenBSD Secure Shell server.
[[0;32m  OK  [0m] Started Login Service.
         Starting Authorization Manager...
[[0;32m  OK  [0m] Started Unattended Upgrades Shutdown.
         Starting Terminate Plymouth Boot Screen...
         Starting Hold until boot process finishes up...
[[0;32m  OK  [0m] Started LXD - container startup/shutdown.
[[0;32m  OK  [0m] Started Terminate Plymouth Boot Screen.
[[0;32m  OK  [0m] Started LSB: automatic crash report generation.
[[0;32m  OK  [0m] Started Hold until boot process finishes up.
[[0;32m  OK  [0m] Started Authorization Manager.
[[0;32m  OK  [0m] Started Accounts Service.
         Starting Set console scheme...
[[0;32m  OK  [0m] Started Serial Getty on ttyS0.
[[0;32m  OK  [0m] Started Set console scheme.
[[0;32m  OK  [0m] Started LSB: Record successful boot for GRUB.
[[0;32m  OK  [0m] Created slice system-getty.slice.
[[0;32m  OK  [0m] Started Getty on tty1.
[[0;32m  OK  [0m] Reached target Login Prompts.
[[0;32m  OK  [0m] Started Virtualbox guest utils.
[[0;32m  OK  [0m] Started Snappy daemon.
         Starting Wait until snapd is fully seeded...
[[0;32m  OK  [0m] Started Wait until snapd is fully seeded.
         Starting Apply the settings specified in cloud-config...
[[0;32m  OK  [0m] Reached target Multi-User System.
[[0;32m  OK  [0m] Reached target Graphical Interface.
         Starting Update UTMP about System Runlevel Changes...
[[0;32m  OK  [0m] Started Update UTMP about System Runlevel Changes.
[   70.733508] cloud-init[1199]: Cloud-init v. 19.1-1-gbaa47854-0ubuntu1~18.04.1 running 'modules:config' at Mon, 16 Sep 2019 12:17:58 +0000. Up 70.59 seconds.
[[0;32m  OK  [0m] Started Apply the settings specified in cloud-config.
         Starting Execute cloud user/final scripts...
[[0;32m  OK  [0m] Created slice User Slice of vagrant.
         Starting User Manager for UID 1000...
[[0;32m  OK  [0m] Started Session 1 of user vagrant.
[[0;32m  OK  [0m] Started User Manager for UID 1000.
[   71.329122] cloud-init[1244]: Cloud-init v. 19.1-1-gbaa47854-0ubuntu1~18.04.1 running 'modules:final' at Mon, 16 Sep 2019 12:17:59 +0000. Up 71.21 seconds.
[   71.335736] cloud-init[1244]: Cloud-init v. 19.1-1-gbaa47854-0ubuntu1~18.04.1 finished at Mon, 16 Sep 2019 12:17:59 +0000. Datasource DataSourceNoCloud [seed=/dev/sdb][dsmode=net].  Up 71.32 seconds
[[0;32m  OK  [0m] Started Execute cloud user/final scripts.
[[0;32m  OK  [0m] Reached target Cloud-init target.

Ubuntu 18.04.3 LTS ubuntu-bionic ttyS0

ubuntu-bionic login: [[0;[         Stopping irqbalance daemon...
         Stopping LSB: Record successful boot for GRUB...
         Stopping Dispatcher daemon for systemd-networkd...
         Stopping Unattended Upgrades Shutdown...
         Stopping D-Bus System Message Bus...
         Stopping LXD - container startup/shutdown...
         Stopping LSB: automatic crash report generation...
         Stopping Deferred execution scheduler...
         Stopping System Logging Service...
         Stopping OpenBSD Secure Shell server...
         Stopping Virtualbox guest utils...
         Stopping Regular background program processing daemon...
[[0;32m  OK  [0m] Unmounted /var/lib/lxcfs.
[[0;32m  OK  [0m] Stopped irqbalance daemon.
[[0;32m  OK  [0m] Stopped Dispatcher daemon for systemd-networkd.
[[0;32m  OK  [0m] Stopped Deferred execution scheduler.
[[0;32m  OK  [0m] Stopped Regular background program processing daemon.
[[0;32m  OK  [0m] Stopped System Logging Service.
[[0;32m  OK  [0m] Stopped Accounts Service.
[[0;32m  OK  [0m] Stopped OpenBSD Secure Shell server.
[[0;32m  OK  [0m] Stopped Authorization Manager.
[[0;32m  OK  [0m] Stopped Unattended Upgrades Shutdown.
[[0;32m  OK  [0m] Stopped Serial Getty on ttyS0.
[[0;32m  OK  [0m] Stopped Getty on tty1.
[[0;32m  OK  [0m] Stopped User Manager for UID 1000.
[[0;32m  OK  [0m] Stopped Availability of block devices.
[[0;32m  OK  [0m] Stopped D-Bus System Message Bus.
[[0;32m  OK  [0m] Stopped FUSE filesystem for LXC.
[[0;32m  OK  [0m] Stopped Session 9 of user vagrant.
[[0;32m  OK  [0m] Removed slice User Slice of vagrant.
[[0;32m  OK  [0m] Removed slice system-getty.slice.
         Stopping Permit User Sessions...
[[0;32m  OK  [0m] Removed slice system-serial\x2dgetty.slice.
         Stopping Login Service...
[[0;32m  OK  [0m] Stopped LSB: Record successful boot for GRUB.
[[0;32m  OK  [0m] Stopped Login Service.
[[0;32m  OK  [0m] Stopped LXD - container startup/shutdown.
[[0;32m  OK  [0m] Stopped LSB: automatic crash report generation.
[[0;32m  OK  [0m] Stopped Permit User Sessions.
[[0;32m  OK  [0m] Stopped target Network.
         Stopping Network Name Resolution...
[[0;32m  OK  [0m] Stopped target Remote File Systems.
[[0;32m  OK  [0m] Stopped target Remote File Systems (Pre).
[[0;32m  OK  [0m] Stopped target User and Group Name Lookups.
[[0;32m  OK  [0m] Stopped Network Name Resolution.
[[0;32m  OK  [0m] Stopped Virtualbox guest utils.
[[0;32m  OK  [0m] Stopped target Basic System.
[[0;32m  OK  [0m] Stopped target Paths.
[[0;32m  OK  [0m] Stopped ACPI Events Check.
[[0;32m  OK  [0m] Stopped target Sockets.
[[0;32m  OK  [0m] Closed ACPID Listen Socket.
[[0;32m  OK  [0m] Closed D-Bus System Message Bus Socket.
[[0;32m  OK  [0m] Closed Syslog Socket.
[[0;32m  OK  [0m] Closed UUID daemon activation socket.
[[0;32m  OK  [0m] Closed Open-iSCSI iscsid Socket.
[[0;32m  OK  [0m] Closed LXD - unix socket.
[[0;32m  OK  [0m] Closed Socket activation for snappy daemon.
[[0;32m  OK  [0m] Stopped target System Initialization.
[[0;32m  OK  [0m] Stopped Initial cloud-init job (metadata service crawler).
[[0;32m  OK  [0m] Stopped Wait for Network to be Configured.
         Stopping Update UTMP about System Boot/Shutdown...
         Stopping Load/Save Random Seed...
[[0;32m  OK  [0m] Stopped target Local Encrypted Volumes.
[[0;32m  OK  [0m] Stopped Dispatch Password Requests to Console Directory Watch.
[[0;32m  OK  [0m] Stopped Forward Password Requests to Wall Directory Watch.
[[0;32m  OK  [0m] Stopped target Slices.
[[0;32m  OK  [0m] Removed slice User and Session Slice.
         Stopping Network Service...
[[0;32m  OK  [0m] Stopped Load/Save Random Seed.
[[0;32m  OK  [0m] Stopped Update UTMP about System Boot/Shutdown.
[[0;32m  OK  [0m] Stopped Create Volatile Files and Directories.
[[0;32m  OK  [0m] Stopped target Local File Systems.
         Unmounting /run/user/1000...
[[0;32m  OK  [0m] Stopped Network Service.
[[0;32m  OK  [0m] Unmounted /run/user/1000.
[[0;32m  OK  [0m] Reached target Unmount All Filesystems.
[[0;32m  OK  [0m] Stopped target Local File Systems (Pre).
         Stopping Monitoring of LVM2 mirrors…ng dmeventd or progress polling...
[[0;32m  OK  [0m] Stopped Create Static Device Nodes in /dev.
[[0;32m  OK  [0m] Stopped target Swap.
[[0;32m  OK  [0m] Stopped Apply Kernel Variables.
[[0;32m  OK  [0m] Stopped Load Kernel Modules.
[[0;32m  OK  [0m] Stopped target Network (Pre).
[[0;32m  OK  [0m] Stopped Initial cloud-init job (pre-networking).
[[0;32m  OK  [0m] Stopped Remount Root and Kernel File Systems.
[[0;32m  OK  [0m] Reached target Shutdown.
[[0;32m  OK  [0m] Reached target Final Step.
         Starting Power-Off...
[[0;32m  OK  [0m] Stopped Monitoring of LVM2 mirrors,…sing dmeventd or progress polling.
         Stopping LVM2 metadata daemon...
[[0;32m  OK  [0m] Stopped LVM2 metadata daemon.
[  852.136934] reboot: Power down
